\BOOKMARK [0][]{chapter*.1}{Contents}{}% 1
\BOOKMARK [0][]{chapter*.2}{List of Figures}{}% 2
\BOOKMARK [0][]{chapter*.2}{Nomenclature}{}% 3
\BOOKMARK [0][]{chapter.1}{1 Introduction}{}% 4
\BOOKMARK [1][]{section.1.1}{1.1 Overview}{chapter.1}% 5
\BOOKMARK [1][]{section.1.2}{1.2 Motivation}{chapter.1}% 6
\BOOKMARK [0][]{chapter.2}{2 My First Chapter But Note The Numbering ...}{}% 7
\BOOKMARK [1][]{section.2.1}{2.1 First Paragraph}{chapter.2}% 8
\BOOKMARK [1][]{section.2.2}{2.2 Second Paragraph}{chapter.2}% 9
\BOOKMARK [2][]{subsection.2.2.1}{2.2.1 sub first paragraph}{section.2.2}% 10
\BOOKMARK [2][]{And this is what I want bookmarked.2}{bookmark text is here}{section.2.2}% 11
\BOOKMARK [0][]{chapter.3}{3 My Second Chapter}{}% 12
\BOOKMARK [1][]{section.3.1}{3.1 First Section}{chapter.3}% 13
\BOOKMARK [1][]{section.3.2}{3.2 Second Section}{chapter.3}% 14
\BOOKMARK [2][]{subsection.3.2.1}{3.2.1 first subsection in the Second Section}{section.3.2}% 15
\BOOKMARK [2][]{subsection.3.2.2}{3.2.2 second subsection in the Second Section}{section.3.2}% 16
\BOOKMARK [2][]{subsection.3.2.3}{3.2.3 third subsection in the Second Section}{section.3.2}% 17
\BOOKMARK [0][]{chapter.4}{4 My Third Chapter}{}% 18
\BOOKMARK [1][]{section.4.1}{4.1 First Section of the Third Chapter}{chapter.4}% 19
\BOOKMARK [2][]{subsection.4.1.1}{4.1.1 first subsection in the First Section}{section.4.1}% 20
\BOOKMARK [2][]{subsection.4.1.2}{4.1.2 second subsection in the First Section}{section.4.1}% 21
\BOOKMARK [3][]{subsubsection.4.1.2.1}{4.1.2.1 first subsub section in the second subsection}{subsection.4.1.2}% 22
\BOOKMARK [2][]{subsection.4.1.3}{4.1.3 third subsection in the First Section}{section.4.1}% 23
\BOOKMARK [3][]{subsubsection.4.1.3.1}{4.1.3.1 first subsub section in the third subsection}{subsection.4.1.3}% 24
\BOOKMARK [3][]{subsubsection.4.1.3.2}{4.1.3.2 second subsub section in the third subsection}{subsection.4.1.3}% 25
\BOOKMARK [1][]{section.4.2}{4.2 Second Section of the Third Chapter}{chapter.4}% 26
\BOOKMARK [0][]{chapter.5}{5 My Conclusions ...}{}% 27
\BOOKMARK [0][]{appendix*.3}{Appdx A}{}% 28
\BOOKMARK [0][]{appendix*.4}{Appdx B}{}% 29
\BOOKMARK [0][]{appendix*.5}{References}{}% 30
